[2026-04-08 17:12:22] ============================================================
[2026-04-08 17:12:22] 批量训练调度器: 共 2 个任务
[2026-04-08 17:12:22] ============================================================
[2026-04-08 17:12:22]   [1/2] DiffSeqPRI_Miss_dataset_random_len | scene=Miss | root=dataset_random_len | 待运行
[2026-04-08 17:12:22]   [2/2] DiffSeqPRI_Mix_dataset_random_len | scene=Mix | root=dataset_random_len | 待运行
[2026-04-08 17:12:22] 
[2026-04-08 17:12:22] ============================================================
[2026-04-08 17:12:22] [1/2] 开始: DiffSeqPRI_Miss_dataset_random_len | scene=Miss | root=dataset_random_len
[2026-04-08 17:12:22]   覆盖参数: {"model_name": "DiffSeqPRI_Miss_dataset_random_len"}
[2026-04-08 17:12:22] ============================================================
[2026-04-08 17:12:22] ============================================================
[2026-04-08 17:12:22] [2/2] 开始: DiffSeqPRI_Mix_dataset_random_len | scene=Mix | root=dataset_random_len
[2026-04-08 17:12:22]   覆盖参数: {"scene": "Mix", "model_name": "DiffSeqPRI_Mix_dataset_random_len"}
[2026-04-08 17:12:22] ============================================================
[2026-04-08 17:12:22] ============================================================
[2026-04-08 17:12:22] 全部任务结束 | 成功: 0 | 失败: 0 | 跳过: 0 | 总耗时: 0s
[2026-04-08 17:12:22] config.json 已恢复为原始配置
[2026-04-08 17:12:22] ============================================================
[2026-04-08 17:14:01] 从 jobs_example.json 加载了 5 个任务
[2026-04-08 17:14:01] ============================================================
[2026-04-08 17:14:01] 批量训练调度器: 共 5 个任务
[2026-04-08 17:14:01] ============================================================
[2026-04-08 17:14:01]   [1/5] DiffSeqPRI_Miss_dataset | scene=Miss | root=dataset | 待运行
[2026-04-08 17:14:01]   [2/5] DiffSeqPRI_Mix_dataset | scene=Mix | root=dataset | 待运行
[2026-04-08 17:14:01]   [3/5] DiffSeqPRI_Spurious_dataset | scene=Spurious | root=dataset | 待运行
[2026-04-08 17:14:01]   [4/5] DiffSeqPRI_Miss_dataset_random_len | scene=Miss | root=dataset_random_len | 待运行
[2026-04-08 17:14:01]   [5/5] DiffSeqPRI_Mix_dataset_random_len | scene=Mix | root=dataset_random_len | 待运行
[2026-04-08 17:14:01] 
[2026-04-08 17:14:01] ============================================================
[2026-04-08 17:14:01] [1/5] 开始: DiffSeqPRI_Miss_dataset | scene=Miss | root=dataset
[2026-04-08 17:14:01]   覆盖参数: {"root": "dataset", "model_name": "DiffSeqPRI_Miss_dataset"}
[2026-04-08 17:14:01] ============================================================
[2026-04-08 17:14:01] ============================================================
[2026-04-08 17:14:01] [2/5] 开始: DiffSeqPRI_Mix_dataset | scene=Mix | root=dataset
[2026-04-08 17:14:01]   覆盖参数: {"root": "dataset", "scene": "Mix", "model_name": "DiffSeqPRI_Mix_dataset"}
[2026-04-08 17:14:01] ============================================================
[2026-04-08 17:14:01] ============================================================
[2026-04-08 17:14:01] [3/5] 开始: DiffSeqPRI_Spurious_dataset | scene=Spurious | root=dataset
[2026-04-08 17:14:01]   覆盖参数: {"root": "dataset", "scene": "Spurious", "model_name": "DiffSeqPRI_Spurious_dataset"}
[2026-04-08 17:14:01] ============================================================
[2026-04-08 17:14:01] ============================================================
[2026-04-08 17:14:01] [4/5] 开始: DiffSeqPRI_Miss_dataset_random_len | scene=Miss | root=dataset_random_len
[2026-04-08 17:14:01]   覆盖参数: {"epochs": 500, "learning_rate": 0.0003, "model_name": "DiffSeqPRI_Miss_dataset_random_len"}
[2026-04-08 17:14:01] ============================================================
[2026-04-08 17:14:01] ============================================================
[2026-04-08 17:14:01] [5/5] 开始: DiffSeqPRI_Mix_dataset_random_len | scene=Mix | root=dataset_random_len
[2026-04-08 17:14:01]   覆盖参数: {"epochs": 500, "learning_rate": 0.0003, "scene": "Mix", "model_name": "DiffSeqPRI_Mix_dataset_random_len", "diff_steps": 60}
[2026-04-08 17:14:01] ============================================================
[2026-04-08 17:14:01] ============================================================
[2026-04-08 17:14:01] 全部任务结束 | 成功: 0 | 失败: 0 | 跳过: 0 | 总耗时: 0s
[2026-04-08 17:14:01] config.json 已恢复为原始配置
[2026-04-08 17:14:01] ============================================================
[2026-04-09 11:20:53] ============================================================
[2026-04-09 11:21:02] 批量训练调度器: 共 1 个任务
[2026-04-09 11:22:01] ============================================================
[2026-04-09 11:22:38]   [1/1] DiffSeqPRI_Miss_dataset_random_len | scene=Miss | root=dataset_random_len | 待运行
[2026-04-09 11:22:45] 
[2026-04-09 11:23:06] ============================================================
[2026-04-09 11:23:08] [1/1] 开始: DiffSeqPRI_Miss_dataset_random_len | scene=Miss | root=dataset_random_len
[2026-04-09 11:23:58]   覆盖参数: {"model_name": "DiffSeqPRI_Miss_dataset_random_len"}
[2026-04-09 11:23:59] ============================================================
[2026-04-09 16:18:51] 从 jobs_example.json 加载了 12 个任务
[2026-04-09 16:18:51] ============================================================
[2026-04-09 16:18:51] 批量训练调度器: 共 12 个任务
[2026-04-09 16:18:51] ============================================================
[2026-04-09 16:18:51]   [1/12] DiffSeqPRI_Miss_dataset | scene=Miss | root=dataset | 待运行
[2026-04-09 16:18:51]   [2/12] DiffSeqPRI_Mix_dataset | scene=Mix | root=dataset | 待运行
[2026-04-09 16:18:51]   [3/12] DiffSeqPRI_Spurious_dataset | scene=Spurious | root=dataset | 待运行
[2026-04-09 16:18:51]   [4/12] DiffSeqPRI_mse_ce_no_tw | scene=Miss | root=dataset | 待运行
[2026-04-09 16:18:51]   [5/12] DiffSeqPRI_mse_ce_no_tw | scene=Mix | root=dataset | 待运行
[2026-04-09 16:18:51]   [6/12] DiffSeqPRI_mse_ce_no_tw | scene=Spurious | root=dataset | 待运行
[2026-04-09 16:18:51]   [7/12] DiffSeqPRI_Miss_dataset_random_len | scene=Miss | root=dataset_random_len | 待运行
[2026-04-09 16:18:51]   [8/12] DiffSeqPRI_Mix_dataset_random_len | scene=Mix | root=dataset_random_len | 待运行
[2026-04-09 16:18:51]   [9/12] DiffSeqPRI_Spurious_dataset_random_len | scene=Spurious | root=dataset_random_len | 待运行
[2026-04-09 16:18:51]   [10/12] DiffSeqPRI_p_full_target_0.5 | scene=Miss | root=dataset_random_len | 待运行
[2026-04-09 16:18:51]   [11/12] DiffSeqPRI_p_full_target_0.5 | scene=Mix | root=dataset_random_len | 待运行
[2026-04-09 16:18:51]   [12/12] DiffSeqPRI_p_full_target_0.5 | scene=Spurious | root=dataset_random_len | 待运行
[2026-04-09 16:18:51] 
[2026-04-09 16:18:51] ============================================================
[2026-04-09 16:18:51] [1/12] 开始: DiffSeqPRI_Miss_dataset | scene=Miss | root=dataset
[2026-04-09 16:18:51]   覆盖参数: {"root": "dataset", "model_name": "DiffSeqPRI_Miss_dataset"}
[2026-04-09 16:18:51] ============================================================
[2026-04-09 16:18:51] [失败] [1/12] DiffSeqPRI_Miss_dataset__Miss__dataset 退出码=1 (耗时 0s)
[2026-04-09 16:18:51]   剩余 11 个任务...
[2026-04-09 16:18:51] 
[2026-04-09 16:18:51] ============================================================
[2026-04-09 16:18:51] [2/12] 开始: DiffSeqPRI_Mix_dataset | scene=Mix | root=dataset
[2026-04-09 16:18:51]   覆盖参数: {"root": "dataset", "scene": "Mix", "model_name": "DiffSeqPRI_Mix_dataset"}
[2026-04-09 16:18:51] ============================================================
[2026-04-09 16:18:51] [失败] [2/12] DiffSeqPRI_Mix_dataset__Mix__dataset 退出码=1 (耗时 0s)
[2026-04-09 16:18:51]   剩余 10 个任务...
[2026-04-09 16:18:51] 
[2026-04-09 16:18:51] ============================================================
[2026-04-09 16:18:51] [3/12] 开始: DiffSeqPRI_Spurious_dataset | scene=Spurious | root=dataset
[2026-04-09 16:18:51]   覆盖参数: {"root": "dataset", "scene": "Spurious", "model_name": "DiffSeqPRI_Spurious_dataset"}
[2026-04-09 16:18:51] ============================================================
[2026-04-09 16:18:52] [失败] [3/12] DiffSeqPRI_Spurious_dataset__Spurious__dataset 退出码=1 (耗时 0s)
[2026-04-09 16:18:52]   剩余 9 个任务...
[2026-04-09 16:18:52] 
[2026-04-09 16:18:52] ============================================================
[2026-04-09 16:18:52] [4/12] 开始: DiffSeqPRI_mse_ce_no_tw | scene=Miss | root=dataset
[2026-04-09 16:18:52]   覆盖参数: {"root": "dataset", "model_name": "DiffSeqPRI_mse_ce_no_tw", "loss_mode": "mse+ce_no_tw"}
[2026-04-09 16:18:52] ============================================================
[2026-04-09 16:18:52] [失败] [4/12] DiffSeqPRI_mse_ce_no_tw__Miss__dataset 退出码=1 (耗时 0s)
[2026-04-09 16:18:52]   剩余 8 个任务...
[2026-04-09 16:18:52] 
[2026-04-09 16:18:52] ============================================================
[2026-04-09 16:18:52] [5/12] 开始: DiffSeqPRI_mse_ce_no_tw | scene=Mix | root=dataset
[2026-04-09 16:18:52]   覆盖参数: {"root": "dataset", "scene": "Mix", "model_name": "DiffSeqPRI_mse_ce_no_tw", "loss_mode": "mse+ce_no_tw"}
[2026-04-09 16:18:52] ============================================================
[2026-04-09 16:18:52] [失败] [5/12] DiffSeqPRI_mse_ce_no_tw__Mix__dataset 退出码=1 (耗时 0s)
[2026-04-09 16:18:52]   剩余 7 个任务...
[2026-04-09 16:18:52] 
[2026-04-09 16:18:52] ============================================================
[2026-04-09 16:18:52] [6/12] 开始: DiffSeqPRI_mse_ce_no_tw | scene=Spurious | root=dataset
[2026-04-09 16:18:52]   覆盖参数: {"root": "dataset", "scene": "Spurious", "model_name": "DiffSeqPRI_mse_ce_no_tw", "loss_mode": "mse+ce_no_tw"}
[2026-04-09 16:18:52] ============================================================
[2026-04-09 16:18:52] [失败] [6/12] DiffSeqPRI_mse_ce_no_tw__Spurious__dataset 退出码=1 (耗时 0s)
[2026-04-09 16:18:52]   剩余 6 个任务...
[2026-04-09 16:18:52] 
[2026-04-09 16:18:52] ============================================================
[2026-04-09 16:18:52] [7/12] 开始: DiffSeqPRI_Miss_dataset_random_len | scene=Miss | root=dataset_random_len
[2026-04-09 16:18:52]   覆盖参数: {"model_name": "DiffSeqPRI_Miss_dataset_random_len"}
[2026-04-09 16:18:52] ============================================================
[2026-04-09 16:18:52] [失败] [7/12] DiffSeqPRI_Miss_dataset_random_len__Miss__dataset_random_len 退出码=1 (耗时 0s)
[2026-04-09 16:18:52]   剩余 5 个任务...
[2026-04-09 16:18:52] 
[2026-04-09 16:18:52] ============================================================
[2026-04-09 16:18:52] [8/12] 开始: DiffSeqPRI_Mix_dataset_random_len | scene=Mix | root=dataset_random_len
[2026-04-09 16:18:52]   覆盖参数: {"scene": "Mix", "model_name": "DiffSeqPRI_Mix_dataset_random_len"}
[2026-04-09 16:18:52] ============================================================
[2026-04-09 16:18:52] [失败] [8/12] DiffSeqPRI_Mix_dataset_random_len__Mix__dataset_random_len 退出码=1 (耗时 0s)
[2026-04-09 16:18:52]   剩余 4 个任务...
[2026-04-09 16:18:52] 
[2026-04-09 16:18:52] ============================================================
[2026-04-09 16:18:52] [9/12] 开始: DiffSeqPRI_Spurious_dataset_random_len | scene=Spurious | root=dataset_random_len
[2026-04-09 16:18:52]   覆盖参数: {"scene": "Spurious", "model_name": "DiffSeqPRI_Spurious_dataset_random_len"}
[2026-04-09 16:18:52] ============================================================
[2026-04-09 16:18:52] [失败] [9/12] DiffSeqPRI_Spurious_dataset_random_len__Spurious__dataset_random_len 退出码=1 (耗时 0s)
[2026-04-09 16:18:52]   剩余 3 个任务...
[2026-04-09 16:18:52] 
[2026-04-09 16:18:52] ============================================================
[2026-04-09 16:18:52] [10/12] 开始: DiffSeqPRI_p_full_target_0.5 | scene=Miss | root=dataset_random_len
[2026-04-09 16:18:52]   覆盖参数: {"model_name": "DiffSeqPRI_p_full_target_0.5", "p_full_target": 0.5}
[2026-04-09 16:18:52] ============================================================
[2026-04-09 16:18:52] [失败] [10/12] DiffSeqPRI_p_full_target_0.5__Miss__dataset_random_len 退出码=1 (耗时 0s)
[2026-04-09 16:18:52]   剩余 2 个任务...
[2026-04-09 16:18:52] 
[2026-04-09 16:18:52] ============================================================
[2026-04-09 16:18:52] [11/12] 开始: DiffSeqPRI_p_full_target_0.5 | scene=Mix | root=dataset_random_len
[2026-04-09 16:18:52]   覆盖参数: {"scene": "Mix", "model_name": "DiffSeqPRI_p_full_target_0.5", "p_full_target": 0.5}
[2026-04-09 16:18:52] ============================================================
[2026-04-09 16:18:52] [失败] [11/12] DiffSeqPRI_p_full_target_0.5__Mix__dataset_random_len 退出码=1 (耗时 0s)
[2026-04-09 16:18:52]   剩余 1 个任务...
[2026-04-09 16:18:52] 
[2026-04-09 16:18:52] ============================================================
[2026-04-09 16:18:52] [12/12] 开始: DiffSeqPRI_p_full_target_0.5 | scene=Spurious | root=dataset_random_len
[2026-04-09 16:18:52]   覆盖参数: {"scene": "Spurious", "model_name": "DiffSeqPRI_p_full_target_0.5", "p_full_target": 0.5}
[2026-04-09 16:18:52] ============================================================
[2026-04-09 16:18:53] [失败] [12/12] DiffSeqPRI_p_full_target_0.5__Spurious__dataset_random_len 退出码=1 (耗时 0s)
[2026-04-09 16:18:53] 
[2026-04-09 16:18:53] ============================================================
[2026-04-09 16:18:53] 全部任务结束 | 成功: 0 | 失败: 12 | 跳过: 0 | 总耗时: 1s
[2026-04-09 16:18:53] config.json 已恢复为原始配置
[2026-04-09 16:18:53] ============================================================
[2026-04-09 16:23:47] 从 jobs.json 加载了 12 个任务
[2026-04-09 16:23:47] ============================================================
[2026-04-09 16:23:47] 批量训练调度器: 共 12 个任务
[2026-04-09 16:23:47] ============================================================
[2026-04-09 16:23:47]   [1/12] DiffSeqPRI_Miss_dataset | scene=Miss | root=dataset | 待运行
[2026-04-09 16:23:47]   [2/12] DiffSeqPRI_Mix_dataset | scene=Mix | root=dataset | 待运行
[2026-04-09 16:23:47]   [3/12] DiffSeqPRI_Spurious_dataset | scene=Spurious | root=dataset | 待运行
[2026-04-09 16:23:47]   [4/12] DiffSeqPRI_mse_ce_no_tw | scene=Miss | root=dataset | 待运行
[2026-04-09 16:23:47]   [5/12] DiffSeqPRI_mse_ce_no_tw | scene=Mix | root=dataset | 待运行
[2026-04-09 16:23:47]   [6/12] DiffSeqPRI_mse_ce_no_tw | scene=Spurious | root=dataset | 待运行
[2026-04-09 16:23:47]   [7/12] DiffSeqPRI_Miss_dataset_random_len | scene=Miss | root=dataset_random_len | 待运行
[2026-04-09 16:23:47]   [8/12] DiffSeqPRI_Mix_dataset_random_len | scene=Mix | root=dataset_random_len | 待运行
[2026-04-09 16:23:47]   [9/12] DiffSeqPRI_Spurious_dataset_random_len | scene=Spurious | root=dataset_random_len | 待运行
[2026-04-09 16:23:47]   [10/12] DiffSeqPRI_p_full_target_0.5 | scene=Miss | root=dataset_random_len | 待运行
[2026-04-09 16:23:47]   [11/12] DiffSeqPRI_p_full_target_0.5 | scene=Mix | root=dataset_random_len | 待运行
[2026-04-09 16:23:47]   [12/12] DiffSeqPRI_p_full_target_0.5 | scene=Spurious | root=dataset_random_len | 待运行
[2026-04-09 16:23:47] 
[2026-04-09 16:23:47] ============================================================
[2026-04-09 16:23:47] [1/12] 开始: DiffSeqPRI_Miss_dataset | scene=Miss | root=dataset
[2026-04-09 16:23:47]   覆盖参数: {"root": "dataset", "model_name": "DiffSeqPRI_Miss_dataset"}
[2026-04-09 16:23:47] ============================================================
[2026-04-09 16:23:47]   任务日志: logs\DiffSeqPRI_Miss_dataset.log
[2026-04-09 23:14:25] 从 jobs.json 加载了 12 个任务
[2026-04-09 23:14:25] ============================================================
[2026-04-09 23:14:25] 批量训练调度器: 共 12 个任务
[2026-04-09 23:14:25] ============================================================
[2026-04-09 23:14:25]   [1/12] DiffSeqPRI_Miss_dataset | scene=Miss | root=dataset | 待运行
[2026-04-09 23:14:25]   [2/12] DiffSeqPRI_Mix_dataset | scene=Mix | root=dataset | 待运行
[2026-04-09 23:14:25]   [3/12] DiffSeqPRI_Spurious_dataset | scene=Spurious | root=dataset | 待运行
[2026-04-09 23:14:25]   [4/12] DiffSeqPRI_mse_ce_no_tw | scene=Miss | root=dataset | 待运行
[2026-04-09 23:14:25]   [5/12] DiffSeqPRI_mse_ce_no_tw | scene=Mix | root=dataset | 待运行
[2026-04-09 23:14:25]   [6/12] DiffSeqPRI_mse_ce_no_tw | scene=Spurious | root=dataset | 待运行
[2026-04-09 23:14:25]   [7/12] DiffSeqPRI_Miss_dataset_random_len | scene=Miss | root=dataset_random_len | 待运行
[2026-04-09 23:14:25]   [8/12] DiffSeqPRI_Mix_dataset_random_len | scene=Mix | root=dataset_random_len | 待运行
[2026-04-09 23:14:25]   [9/12] DiffSeqPRI_Spurious_dataset_random_len | scene=Spurious | root=dataset_random_len | 待运行
[2026-04-09 23:14:25]   [10/12] DiffSeqPRI_p_full_target_0.5 | scene=Miss | root=dataset_random_len | 待运行
[2026-04-09 23:14:25]   [11/12] DiffSeqPRI_p_full_target_0.5 | scene=Mix | root=dataset_random_len | 待运行
[2026-04-09 23:14:25]   [12/12] DiffSeqPRI_p_full_target_0.5 | scene=Spurious | root=dataset_random_len | 待运行
[2026-04-09 23:14:25] 
[2026-04-09 23:14:25] ============================================================
[2026-04-09 23:14:25] [1/12] 开始: DiffSeqPRI_Miss_dataset | scene=Miss | root=dataset
[2026-04-09 23:14:25]   覆盖参数: {"model_name": "DiffSeqPRI_Miss_dataset"}
[2026-04-09 23:14:25] ============================================================
[2026-04-09 23:14:25]   任务日志: logs\DiffSeqPRI_Miss_dataset.log
[2026-04-09 23:17:07] 从 jobs.json 加载了 12 个任务
[2026-04-09 23:17:09] ============================================================
[2026-04-09 23:17:09] 批量训练调度器: 共 12 个任务
[2026-04-09 23:17:09] ============================================================
[2026-04-09 23:17:49] 从 jobs.json 加载了 12 个任务
[2026-04-09 23:17:52] ============================================================
[2026-04-09 23:17:52] 批量训练调度器: 共 12 个任务
[2026-04-09 23:17:52] ============================================================
[2026-04-09 23:18:06]   [1/12] DiffSeqPRI_Miss_dataset | scene=Miss | root=dataset | 待运行
[2026-04-09 23:18:06]   [2/12] DiffSeqPRI_Mix_dataset | scene=Mix | root=dataset | 待运行
[2026-04-09 23:18:06]   [3/12] DiffSeqPRI_Spurious_dataset | scene=Spurious | root=dataset | 待运行
[2026-04-09 23:18:06]   [4/12] DiffSeqPRI_mse_ce_no_tw | scene=Miss | root=dataset | 待运行
[2026-04-09 23:18:06]   [5/12] DiffSeqPRI_mse_ce_no_tw | scene=Mix | root=dataset | 待运行
[2026-04-09 23:18:06]   [6/12] DiffSeqPRI_mse_ce_no_tw | scene=Spurious | root=dataset | 待运行
[2026-04-09 23:18:06]   [7/12] DiffSeqPRI_Miss_dataset_random_len | scene=Miss | root=dataset_random_len | 待运行
[2026-04-09 23:18:06]   [8/12] DiffSeqPRI_Mix_dataset_random_len | scene=Mix | root=dataset_random_len | 待运行
[2026-04-09 23:18:06]   [9/12] DiffSeqPRI_Spurious_dataset_random_len | scene=Spurious | root=dataset_random_len | 待运行
[2026-04-09 23:18:06]   [10/12] DiffSeqPRI_p_full_target_0.5 | scene=Miss | root=dataset_random_len | 待运行
[2026-04-09 23:18:06]   [11/12] DiffSeqPRI_p_full_target_0.5 | scene=Mix | root=dataset_random_len | 待运行
[2026-04-09 23:18:06]   [12/12] DiffSeqPRI_p_full_target_0.5 | scene=Spurious | root=dataset_random_len | 待运行
[2026-04-09 23:18:06] 
[2026-04-09 23:18:28] ============================================================
[2026-04-09 23:18:31] [1/12] 开始: DiffSeqPRI_Miss_dataset | scene=Miss | root=dataset
[2026-04-09 23:18:54] ============================================================
[2026-04-09 23:18:58]   任务日志: logs\DiffSeqPRI_Miss_dataset.log
[2026-04-09 23:20:54] 从 jobs.json 加载了 12 个任务
[2026-04-09 23:20:54] ============================================================
[2026-04-09 23:20:54] 批量训练调度器: 共 12 个任务
[2026-04-09 23:20:54] ============================================================
[2026-04-09 23:20:54]   [1/12] DiffSeqPRI_Miss_dataset | scene=Miss | root=dataset | 待运行
[2026-04-09 23:20:54]   [2/12] DiffSeqPRI_Miss_dataset | scene=Mix | root=dataset | 待运行
[2026-04-09 23:20:54]   [3/12] DiffSeqPRI_Miss_dataset | scene=Spurious | root=dataset | 待运行
[2026-04-09 23:20:54]   [4/12] DiffSeqPRI_mse_ce_no_tw | scene=Miss | root=dataset | 待运行
[2026-04-09 23:20:54]   [5/12] DiffSeqPRI_mse_ce_no_tw | scene=Mix | root=dataset | 待运行
[2026-04-09 23:20:54]   [6/12] DiffSeqPRI_mse_ce_no_tw | scene=Spurious | root=dataset | 待运行
[2026-04-09 23:20:54]   [7/12] DiffSeqPRI_Miss_dataset | scene=Miss | root=dataset_random_len | 待运行
[2026-04-09 23:20:54]   [8/12] DiffSeqPRI_Miss_dataset | scene=Mix | root=dataset_random_len | 待运行
[2026-04-09 23:20:54]   [9/12] DiffSeqPRI_Miss_dataset | scene=Spurious | root=dataset_random_len | 待运行
[2026-04-09 23:20:54]   [10/12] DiffSeqPRI_p_full_target_0.5 | scene=Miss | root=dataset_random_len | 待运行
[2026-04-09 23:20:54]   [11/12] DiffSeqPRI_p_full_target_0.5 | scene=Mix | root=dataset_random_len | 待运行
[2026-04-09 23:20:54]   [12/12] DiffSeqPRI_p_full_target_0.5 | scene=Spurious | root=dataset_random_len | 待运行
[2026-04-09 23:20:54] 
[2026-04-09 23:20:54] ============================================================
[2026-04-09 23:20:54] [1/12] 开始: DiffSeqPRI_Miss_dataset | scene=Miss | root=dataset
[2026-04-09 23:20:54] ============================================================
[2026-04-09 23:20:54]   任务日志: logs\DiffSeqPRI_Miss_dataset.log
[2026-04-09 23:21:21] 从 jobs.json 加载了 12 个任务
[2026-04-09 23:21:21] ============================================================
[2026-04-09 23:21:21] 批量训练调度器: 共 12 个任务
[2026-04-09 23:21:21] ============================================================
[2026-04-09 23:21:21]   [1/12] DiffSeqPRI | scene=Miss | root=dataset | 待运行
[2026-04-09 23:21:21]   [2/12] DiffSeqPRI | scene=Mix | root=dataset | 待运行
[2026-04-09 23:21:21]   [3/12] DiffSeqPRI | scene=Spurious | root=dataset | 待运行
[2026-04-09 23:21:21]   [4/12] DiffSeqPRI_mse_ce_no_tw | scene=Miss | root=dataset | 待运行
[2026-04-09 23:21:21]   [5/12] DiffSeqPRI_mse_ce_no_tw | scene=Mix | root=dataset | 待运行
[2026-04-09 23:21:21]   [6/12] DiffSeqPRI_mse_ce_no_tw | scene=Spurious | root=dataset | 待运行
[2026-04-09 23:21:21]   [7/12] DiffSeqPRI | scene=Miss | root=dataset_random_len | 待运行
[2026-04-09 23:21:21]   [8/12] DiffSeqPRI | scene=Mix | root=dataset_random_len | 待运行
[2026-04-09 23:21:21]   [9/12] DiffSeqPRI | scene=Spurious | root=dataset_random_len | 待运行
[2026-04-09 23:21:21]   [10/12] DiffSeqPRI_p_full_target_0.5 | scene=Miss | root=dataset_random_len | 待运行
[2026-04-09 23:21:21]   [11/12] DiffSeqPRI_p_full_target_0.5 | scene=Mix | root=dataset_random_len | 待运行
[2026-04-09 23:21:21]   [12/12] DiffSeqPRI_p_full_target_0.5 | scene=Spurious | root=dataset_random_len | 待运行
[2026-04-09 23:21:21] 
[2026-04-09 23:21:21] ============================================================
[2026-04-09 23:21:21] [1/12] 开始: DiffSeqPRI | scene=Miss | root=dataset
[2026-04-09 23:21:21] ============================================================
[2026-04-09 23:21:21]   任务日志: logs\DiffSeqPRI.log
[2026-04-10 04:01:46] [失败] [1/12] DiffSeqPRI 退出码=1 (耗时 4h 40m 25s)
[2026-04-10 04:01:46]   剩余 11 个任务...
[2026-04-10 04:01:46] 
[2026-04-10 04:01:46] ============================================================
[2026-04-10 04:01:46] [2/12] 开始: DiffSeqPRI | scene=Mix | root=dataset
[2026-04-10 04:01:46]   覆盖参数: {"scene": "Mix"}
[2026-04-10 04:01:46] ============================================================
[2026-04-10 04:01:46]   任务日志: logs\DiffSeqPRI.log
[2026-04-10 08:11:48] [失败] [2/12] DiffSeqPRI 退出码=1 (耗时 4h 10m 1s)
[2026-04-10 08:11:48]   剩余 10 个任务...
[2026-04-10 08:11:48] 
[2026-04-10 08:11:48] ============================================================
[2026-04-10 08:11:48] [3/12] 开始: DiffSeqPRI | scene=Spurious | root=dataset
[2026-04-10 08:11:48]   覆盖参数: {"scene": "Spurious"}
[2026-04-10 08:11:48] ============================================================
[2026-04-10 08:11:48]   任务日志: logs\DiffSeqPRI.log
[2026-04-10 12:21:52] [失败] [3/12] DiffSeqPRI 退出码=1 (耗时 4h 10m 4s)
[2026-04-10 12:21:52]   剩余 9 个任务...
[2026-04-10 12:21:52] 
[2026-04-10 12:21:52] ============================================================
[2026-04-10 12:21:52] [4/12] 开始: DiffSeqPRI_mse_ce_no_tw | scene=Miss | root=dataset
[2026-04-10 12:21:52]   覆盖参数: {"model_name": "DiffSeqPRI_mse_ce_no_tw", "loss_mode": "mse+ce_no_tw"}
[2026-04-10 12:21:52] ============================================================
[2026-04-10 12:21:52]   任务日志: logs\DiffSeqPRI_mse_ce_no_tw.log
[2026-04-10 17:20:49] [失败] [4/12] DiffSeqPRI_mse_ce_no_tw 退出码=1 (耗时 4h 58m 56s)
[2026-04-10 17:20:49]   剩余 8 个任务...
[2026-04-10 17:20:49] 
[2026-04-10 17:20:49] ============================================================
[2026-04-10 17:20:49] [5/12] 开始: DiffSeqPRI_mse_ce_no_tw | scene=Mix | root=dataset
[2026-04-10 17:20:49]   覆盖参数: {"scene": "Mix", "model_name": "DiffSeqPRI_mse_ce_no_tw", "loss_mode": "mse+ce_no_tw"}
[2026-04-10 17:20:49] ============================================================
[2026-04-10 17:20:49]   任务日志: logs\DiffSeqPRI_mse_ce_no_tw.log
[2026-04-10 22:37:25] [失败] [5/12] DiffSeqPRI_mse_ce_no_tw 退出码=1 (耗时 5h 16m 36s)
[2026-04-10 22:37:25]   剩余 7 个任务...
[2026-04-10 22:37:25] 
[2026-04-10 22:37:25] ============================================================
[2026-04-10 22:37:25] [6/12] 开始: DiffSeqPRI_mse_ce_no_tw | scene=Spurious | root=dataset
[2026-04-10 22:37:25]   覆盖参数: {"scene": "Spurious", "model_name": "DiffSeqPRI_mse_ce_no_tw", "loss_mode": "mse+ce_no_tw"}
[2026-04-10 22:37:25] ============================================================
[2026-04-10 22:37:25]   任务日志: logs\DiffSeqPRI_mse_ce_no_tw.log
[2026-04-11 03:11:36] [失败] [6/12] DiffSeqPRI_mse_ce_no_tw 退出码=1 (耗时 4h 34m 11s)
[2026-04-11 03:11:36]   剩余 6 个任务...
[2026-04-11 03:11:36] 
[2026-04-11 03:11:36] ============================================================
[2026-04-11 03:11:36] [7/12] 开始: DiffSeqPRI | scene=Miss | root=dataset_random_len
[2026-04-11 03:11:36]   覆盖参数: {"root": "dataset_random_len"}
[2026-04-11 03:11:36] ============================================================
[2026-04-11 03:11:36]   任务日志: logs\DiffSeqPRI.log
[2026-04-11 07:19:22] [失败] [7/12] DiffSeqPRI 退出码=1 (耗时 4h 7m 45s)
[2026-04-11 07:19:22]   剩余 5 个任务...
[2026-04-11 07:19:22] 
[2026-04-11 07:19:22] ============================================================
[2026-04-11 07:19:22] [8/12] 开始: DiffSeqPRI | scene=Mix | root=dataset_random_len
[2026-04-11 07:19:22]   覆盖参数: {"root": "dataset_random_len", "scene": "Mix"}
[2026-04-11 07:19:22] ============================================================
[2026-04-11 07:19:22]   任务日志: logs\DiffSeqPRI.log
[2026-04-11 11:27:29] [失败] [8/12] DiffSeqPRI 退出码=1 (耗时 4h 8m 6s)
[2026-04-11 11:27:29]   剩余 4 个任务...
[2026-04-11 11:27:29] 
[2026-04-11 11:27:29] ============================================================
[2026-04-11 11:27:29] [9/12] 开始: DiffSeqPRI | scene=Spurious | root=dataset_random_len
[2026-04-11 11:27:29]   覆盖参数: {"root": "dataset_random_len", "scene": "Spurious"}
[2026-04-11 11:27:29] ============================================================
[2026-04-11 11:27:29]   任务日志: logs\DiffSeqPRI.log
[2026-04-11 16:01:56] [失败] [9/12] DiffSeqPRI 退出码=1 (耗时 4h 34m 27s)
[2026-04-11 16:01:56]   剩余 3 个任务...
[2026-04-11 16:01:56] 
[2026-04-11 16:01:56] ============================================================
[2026-04-11 16:01:56] [10/12] 开始: DiffSeqPRI_p_full_target_0.5 | scene=Miss | root=dataset_random_len
[2026-04-11 16:01:56]   覆盖参数: {"root": "dataset_random_len", "model_name": "DiffSeqPRI_p_full_target_0.5", "p_full_target": 0.5}
[2026-04-11 16:01:56] ============================================================
[2026-04-11 16:01:56]   任务日志: logs\DiffSeqPRI_p_full_target_0.5.log
[2026-04-11 22:00:17] [失败] [10/12] DiffSeqPRI_p_full_target_0.5 退出码=1 (耗时 5h 58m 21s)
[2026-04-11 22:00:17]   剩余 2 个任务...
[2026-04-11 22:00:17] 
[2026-04-11 22:00:17] ============================================================
[2026-04-11 22:00:17] [11/12] 开始: DiffSeqPRI_p_full_target_0.5 | scene=Mix | root=dataset_random_len
[2026-04-11 22:00:17]   覆盖参数: {"root": "dataset_random_len", "scene": "Mix", "model_name": "DiffSeqPRI_p_full_target_0.5", "p_full_target": 0.5}
[2026-04-11 22:00:17] ============================================================
[2026-04-11 22:00:17]   任务日志: logs\DiffSeqPRI_p_full_target_0.5.log
[2026-04-12 02:02:25] [失败] [11/12] DiffSeqPRI_p_full_target_0.5 退出码=1 (耗时 4h 2m 8s)
[2026-04-12 02:02:25]   剩余 1 个任务...
[2026-04-12 02:02:25] 
[2026-04-12 02:02:25] ============================================================
[2026-04-12 02:02:25] [12/12] 开始: DiffSeqPRI_p_full_target_0.5 | scene=Spurious | root=dataset_random_len
[2026-04-12 02:02:25]   覆盖参数: {"root": "dataset_random_len", "scene": "Spurious", "model_name": "DiffSeqPRI_p_full_target_0.5", "p_full_target": 0.5}
[2026-04-12 02:02:25] ============================================================
[2026-04-12 02:02:25]   任务日志: logs\DiffSeqPRI_p_full_target_0.5.log
[2026-04-12 04:26:10] [失败] [12/12] DiffSeqPRI_p_full_target_0.5 退出码=1 (耗时 2h 23m 44s)
[2026-04-12 04:26:10] 
[2026-04-12 04:26:10] ============================================================
[2026-04-12 04:26:10] 全部任务结束 | 成功: 0 | 失败: 12 | 跳过: 0 | 总耗时: 53h 4m 49s
[2026-04-12 04:26:10] config.json 已恢复为原始配置
[2026-04-12 04:26:10] ============================================================
[2026-04-12 14:41:48] 从 jobs.json 加载了 1 个任务
[2026-04-12 14:41:59] ============================================================
[2026-04-12 14:41:59] 批量训练调度器: 共 1 个任务
[2026-04-12 14:41:59] ============================================================
[2026-04-12 14:42:14]   [1/1] DiffSeqPRI_NEW | scene=Mix | root=dataset | 待运行
[2026-04-12 14:42:15] 
[2026-04-12 14:42:25] ============================================================
[2026-04-12 14:42:28] [1/1] 开始: DiffSeqPRI_NEW | scene=Mix | root=dataset
[2026-04-12 14:42:29]   覆盖参数: {"root": "dataset", "scene": "Mix", "model_name": "DiffSeqPRI_NEW", "p_full_target": 1.0, "label_smoothing": 0.1, "end_loss_weight": 0.3, "p_full_target_curriculum": true, "curriculum_warmup_epochs": 150}
[2026-04-12 14:42:29] ============================================================
[2026-04-12 14:42:33]   任务日志: logs\DiffSeqPRI_NEW.log
[2026-04-12 14:43:03] 从 jobs.json 加载了 1 个任务
[2026-04-12 14:43:03] ============================================================
[2026-04-12 14:43:03] 批量训练调度器: 共 1 个任务
[2026-04-12 14:43:03] ============================================================
[2026-04-12 14:43:03]   [1/1] DiffSeqPRI_NEW | scene=Mix | root=dataset | 待运行
[2026-04-12 14:43:03] 
[2026-04-12 14:43:03] ============================================================
[2026-04-12 14:43:03] [1/1] 开始: DiffSeqPRI_NEW | scene=Mix | root=dataset
[2026-04-12 14:43:03] ============================================================
[2026-04-12 14:43:03]   任务日志: logs\DiffSeqPRI_NEW.log
[2026-04-12 14:46:48] 从 jobs.json 加载了 1 个任务
[2026-04-12 14:46:48] ============================================================
[2026-04-12 14:46:48] 批量训练调度器: 共 1 个任务
[2026-04-12 14:46:48] ============================================================
[2026-04-12 14:46:48]   [1/1] DiffSeqPRI_NEW | scene=Mix | root=dataset | 待运行
[2026-04-12 14:46:48] 
[2026-04-12 14:46:48] ============================================================
[2026-04-12 14:46:48] [1/1] 开始: DiffSeqPRI_NEW | scene=Mix | root=dataset
[2026-04-12 14:46:48]   覆盖参数: {"lr_schedule": "flat_cosine"}
[2026-04-12 14:46:48] ============================================================
[2026-04-12 14:46:48]   任务日志: logs\DiffSeqPRI_NEW.log
[2026-04-12 14:57:38] 从 jobs.json 加载了 1 个任务
[2026-04-12 14:57:38] ============================================================
[2026-04-12 14:57:38] 批量训练调度器: 共 1 个任务
[2026-04-12 14:57:38] ============================================================
[2026-04-12 14:57:38]   [1/1] DiffSeqPRI_NEW | scene=Mix | root=dataset | 待运行
[2026-04-12 14:57:38] 
[2026-04-12 14:57:38] ============================================================
[2026-04-12 14:57:38] [1/1] 开始: DiffSeqPRI_NEW | scene=Mix | root=dataset
[2026-04-12 14:57:38]   覆盖参数: {"lr_plateau_patience": 8, "lr_plateau_factor": 0.98}
[2026-04-12 14:57:38] ============================================================
[2026-04-12 14:57:38]   任务日志: logs\DiffSeqPRI_NEW.log
[2026-04-12 19:51:49] [完成] [1/1] DiffSeqPRI_NEW (耗时 4h 54m 11s)
[2026-04-12 19:51:49] 
[2026-04-12 19:51:49] ============================================================
[2026-04-12 19:51:49] 全部任务结束 | 成功: 1 | 失败: 0 | 跳过: 0 | 总耗时: 4h 54m 11s
[2026-04-12 19:51:49] config.json 已恢复为原始配置
[2026-04-12 19:51:49] ============================================================
[2026-04-13 17:14:09] 从 jobs.json 加载了 1 个任务
[2026-04-13 17:14:09] ============================================================
[2026-04-13 17:14:09] 批量训练调度器: 共 1 个任务
[2026-04-13 17:14:09] ============================================================
[2026-04-13 17:14:09]   [1/1] DiffSeqPRI_NEW_p_full_target_0.0_mse+ce_no_tw | scene=Mix | root=dataset_3W | 待运行
[2026-04-13 17:14:09] 
[2026-04-13 17:14:09] ============================================================
[2026-04-13 17:14:09] [1/1] 开始: DiffSeqPRI_NEW_p_full_target_0.0_mse+ce_no_tw | scene=Mix | root=dataset_3W
[2026-04-13 17:14:09]   覆盖参数: {"root": "dataset_3W", "model_name": "DiffSeqPRI_NEW_p_full_target_0.0_mse+ce_no_tw", "p_full_target": 0.0, "loss_mode": "mse+ce_no_tw", "end_loss_weight": 0.5, "lr_plateau_patience": 8, "lr_plateau_factor": 0.98}
[2026-04-13 17:14:09] ============================================================
[2026-04-13 17:14:09]   任务日志: logs\DiffSeqPRI_NEW_p_full_target_0.0_mse+ce_no_tw.log
[2026-04-14 06:27:56] [完成] [1/1] DiffSeqPRI_NEW_p_full_target_0.0_mse+ce_no_tw (耗时 13h 13m 46s)
[2026-04-14 06:27:56] 
[2026-04-14 06:27:56] ============================================================
[2026-04-14 06:27:56] 全部任务结束 | 成功: 1 | 失败: 0 | 跳过: 0 | 总耗时: 13h 13m 46s
[2026-04-14 06:27:56] config.json 已恢复为原始配置
[2026-04-14 06:27:56] ============================================================
[2026-04-14 10:42:50] 从 jobs.json 加载了 2 个任务
[2026-04-14 10:42:50] ============================================================
[2026-04-14 10:42:50] 批量训练调度器: 共 2 个任务
[2026-04-14 10:42:50] ============================================================
[2026-04-14 10:42:50]   [1/2] DiffSeqPRI_NEW_p_full_target_0.0_mse+ce_no_tw | scene=Mix | root=dataset_3W | 待运行
[2026-04-14 10:42:50]   [2/2] DiffSeqPRI_NEW_p_full_target_0.0 | scene=Miss | root=dataset_3W | 待运行
[2026-04-14 10:42:50] 
[2026-04-14 10:42:50] ============================================================
[2026-04-14 10:42:50] [1/2] 开始: DiffSeqPRI_NEW_p_full_target_0.0_mse+ce_no_tw | scene=Mix | root=dataset_3W
[2026-04-14 10:42:50]   覆盖参数: {"epochs": 1200, "learning_rate": 0.0003, "root": "dataset_3W", "model_name": "DiffSeqPRI_NEW_p_full_target_0.0_mse+ce_no_tw", "p_full_target": 0.0, "loss_mode": "mse+ce_no_tw", "end_loss_weight": 0.5, "p_full_target_curriculum": false, "lr_warmup_epochs": 300, "lr_plateau_patience": 8, "lr_plateau_factor": 0.98}
[2026-04-14 10:42:50] ============================================================
[2026-04-14 10:42:50]   任务日志: logs\DiffSeqPRI_NEW_p_full_target_0.0_mse+ce_no_tw.log
[2026-04-14 12:37:33] 从 jobs.json 加载了 2 个任务
[2026-04-14 12:37:33] ============================================================
[2026-04-14 12:37:33] 批量训练调度器: 共 2 个任务
[2026-04-14 12:37:33] ============================================================
[2026-04-14 12:37:33]   [1/2] DiffSeqPRI_NEW_p_full_target_0.0_mse+ce_no_tw | scene=Mix | root=dataset_3W | 待运行
[2026-04-14 12:37:33]   [2/2] DiffSeqPRI_NEW_p_full_target_0.0 | scene=Miss | root=dataset_3W | 待运行
[2026-04-14 12:37:33] 
[2026-04-14 12:37:33] ============================================================
[2026-04-14 12:37:33] [1/2] 开始: DiffSeqPRI_NEW_p_full_target_0.0_mse+ce_no_tw | scene=Mix | root=dataset_3W
[2026-04-14 12:37:33]   覆盖参数: {"learning_rate": 0.0001}
[2026-04-14 12:37:33] ============================================================
[2026-04-14 12:37:33]   任务日志: logs\DiffSeqPRI_NEW_p_full_target_0.0_mse+ce_no_tw.log
[2026-04-14 13:58:59] 从 jobs.json 加载了 2 个任务
[2026-04-14 13:58:59] ============================================================
[2026-04-14 13:58:59] 批量训练调度器: 共 2 个任务
[2026-04-14 13:58:59] ============================================================
[2026-04-14 13:58:59]   [1/2] DiffSeqPRI_NEW_p_full_target_0.0_mse+ce_no_tw | scene=Mix | root=dataset_3W | 待运行
[2026-04-14 13:58:59]   [2/2] DiffSeqPRI_NEW_p_full_target_0.0 | scene=Miss | root=dataset_3W | 待运行
[2026-04-14 13:58:59] 
[2026-04-14 13:58:59] ============================================================
[2026-04-14 13:58:59] [1/2] 开始: DiffSeqPRI_NEW_p_full_target_0.0_mse+ce_no_tw | scene=Mix | root=dataset_3W
[2026-04-14 13:58:59]   覆盖参数: {"learning_rate": 0.0002}
[2026-04-14 13:58:59] ============================================================
[2026-04-14 13:58:59]   任务日志: logs\DiffSeqPRI_NEW_p_full_target_0.0_mse+ce_no_tw.log
[2026-04-15 15:29:35] 从 jobs.json 加载了 2 个任务
[2026-04-15 15:29:35] ============================================================
[2026-04-15 15:29:35] 批量训练调度器: 共 2 个任务
[2026-04-15 15:29:35] ============================================================
[2026-04-15 15:29:35]   [1/2] DiffSeqPRI_NEW_p_full_target_0.0_mse+ce_no_tw | scene=Mix | root=dataset_3W | 待运行
[2026-04-15 15:29:35]   [2/2] DiffSeqPRI_NEW_p_full_target_0.0 | scene=Miss | root=dataset_3W | 待运行
[2026-04-15 15:29:35] 
[2026-04-15 15:29:35] ============================================================
[2026-04-15 15:29:35] [1/2] 开始: DiffSeqPRI_NEW_p_full_target_0.0_mse+ce_no_tw | scene=Mix | root=dataset_3W
[2026-04-15 15:29:35] ============================================================
[2026-04-15 15:29:35]   任务日志: logs\DiffSeqPRI_NEW_p_full_target_0.0_mse+ce_no_tw.log
[2026-04-16 08:29:56] [完成] [1/2] DiffSeqPRI_NEW_p_full_target_0.0_mse+ce_no_tw (耗时 17h 0m 21s)
[2026-04-16 08:29:56]   剩余 1 个任务...
[2026-04-16 08:29:56] 
[2026-04-16 08:29:56] ============================================================
[2026-04-16 08:29:56] [2/2] 开始: DiffSeqPRI_NEW_p_full_target_0.0 | scene=Miss | root=dataset_3W
[2026-04-16 08:29:56]   覆盖参数: {"epochs": 1500, "scene": "Miss", "model_name": "DiffSeqPRI_NEW_p_full_target_0.0", "loss_mode": "mse+ce"}
[2026-04-16 08:29:56] ============================================================
[2026-04-16 08:29:56]   任务日志: logs\DiffSeqPRI_NEW_p_full_target_0.0.log
[2026-04-17 08:36:59] [完成] [2/2] DiffSeqPRI_NEW_p_full_target_0.0 (耗时 24h 7m 2s)
[2026-04-17 08:36:59] 
[2026-04-17 08:36:59] ============================================================
[2026-04-17 08:36:59] 全部任务结束 | 成功: 2 | 失败: 0 | 跳过: 0 | 总耗时: 41h 7m 24s
[2026-04-17 08:36:59] config.json 已恢复为原始配置
[2026-04-17 08:36:59] ============================================================
